<?xml version="1.0" encoding="UTF-8"?>
<!-- Generated by org.testng.reporters.JUnitReportReporter -->
<testsuite hostname="jagruthi" failures="0" tests="1" name="Task.Task.NewTest" time="24.743" errors="0" timestamp="2024-03-21T21:14:24 IST" skipped="0">
  <testcase classname="Task.Task.NewTest" name="startBrowser" time="24.743"/>
</testsuite> <!-- Task.Task.NewTest -->
